#
# There is insufficient memory for the Java Runtime Environment to continue.
# Native memory allocation (malloc) failed to allocate 32744 bytes for ChunkPool::allocate
# Possible reasons:
#   The system is out of physical RAM or swap space
#   The process is running with CompressedOops enabled, and the Java Heap may be blocking the growth of the native heap
# Possible solutions:
#   Reduce memory load on the system
#   Increase physical memory or swap space
#   Check if swap backing store is full
#   Decrease Java heap size (-Xmx/-Xms)
#   Decrease number of Java threads
#   Decrease Java thread stack sizes (-Xss)
#   Set larger code cache with -XX:ReservedCodeCacheSize=
#   JVM is running with Unscaled Compressed Oops mode in which the Java heap is
#     placed in the first 4GB address space. The Java Heap base address is the
#     maximum limit for the native heap growth. Please use -XX:HeapBaseMinAddress
#     to set the Java Heap base and to place the Java Heap above 4GB virtual address.
# This output file may be truncated or incomplete.
#
#  Out of Memory Error (./open/src/hotspot/share/memory/arena.cpp:81), pid=62532, tid=46368
#
# JRE version: Java(TM) SE Runtime Environment 18.9 (11.0.21+9) (build 11.0.21+9-LTS-193)
# Java VM: Java HotSpot(TM) 64-Bit Server VM 18.9 (11.0.21+9-LTS-193, mixed mode, tiered, compressed oops, g1 gc, windows-amd64)
# No core dump will be written. Minidumps are not enabled by default on client versions of Windows
#

---------------  S U M M A R Y ------------

Command Line: -ea -Dfile.encoding=UTF-8 -Dstdout.encoding=UTF-8 -Dstderr.encoding=UTF-8 org.testng.remote.RemoteTestNG -serport 64694 -protocol json -d C:\Users\admin\eclipse-workspace\First_Framework\test-output C:\Users\admin\AppData\Local\Temp\testng-eclipse--23052613\testng-customsuite.xml

Host: 11th Gen Intel(R) Core(TM) i3-1115G4 @ 3.00GHz, 4 cores, 7G,  Windows 11 , 64 bit Build 22621 (10.0.22621.2215)
Time: Fri Dec  1 19:53:24 2023 India Standard Time elapsed time: 70.905119 seconds (0d 0h 1m 10s)

---------------  T H R E A D  ---------------

Current thread (0x000001b5f9da6000):  JavaThread "C2 CompilerThread0" daemon [_thread_in_native, id=46368, stack(0x00000044d5800000,0x00000044d5900000)]


Current CompileTask:
C2:  70905 2464       4       java.lang.invoke.InvokerBytecodeGenerator::getInternalName (98 bytes)

Stack: [0x00000044d5800000,0x00000044d5900000]
Native frames: (J=compiled Java code, j=interpreted, Vv=VM code, C=native code)
V  [jvm.dll+0x66058a]
V  [jvm.dll+0x7a362f]
V  [jvm.dll+0x7a4cf9]
V  [jvm.dll+0x7a5393]
V  [jvm.dll+0x258f55]
V  [jvm.dll+0xb2c7f]
V  [jvm.dll+0xb2fcc]
V  [jvm.dll+0x114cf2]
V  [jvm.dll+0x211278]
V  [jvm.dll+0x56bc68]
V  [jvm.dll+0x563f2b]
V  [jvm.dll+0x567723]
V  [jvm.dll+0x568fe0]
V  [jvm.dll+0x568b59]
V  [jvm.dll+0x568a40]
V  [jvm.dll+0x568bc7]
V  [jvm.dll+0x568bc7]
V  [jvm.dll+0x56feff]
V  [jvm.dll+0x211417]
V  [jvm.dll+0x213c49]
V  [jvm.dll+0x210af4]
V  [jvm.dll+0x18cdb1]
V  [jvm.dll+0x220e99]
V  [jvm.dll+0x21f1bc]
V  [jvm.dll+0x7673c1]
V  [jvm.dll+0x75fc44]
V  [jvm.dll+0x65f435]
C  [ucrtbase.dll+0x29363]
C  [KERNEL32.DLL+0x1257d]
C  [ntdll.dll+0x5aa68]


---------------  P R O C E S S  ---------------

Threads class SMR info:
_java_thread_list=0x000001b5fb00fe90, length=24, elements={
0x000001b5dc814000, 0x000001b5f9d8c800, 0x000001b5f9d96000, 0x000001b5fa702800,
0x000001b5f9da4800, 0x000001b5f9da5800, 0x000001b5f9da6000, 0x000001b5fa756800,
0x000001b5fa759800, 0x000001b5fa863800, 0x000001b5facb7000, 0x000001b5fcdd0800,
0x000001b5fab9d800, 0x000001b5fab9e800, 0x000001b5fbdd9800, 0x000001b5fc9c8000,
0x000001b5fad59000, 0x000001b5fae70000, 0x000001b5fbee7800, 0x000001b5fbee5000,
0x000001b5fbee7000, 0x000001b5fbee6000, 0x000001b5fbe7b000, 0x000001b5fbe79800
}

Java Threads: ( => current thread )
  0x000001b5dc814000 JavaThread "main" [_thread_in_vm, id=42852, stack(0x00000044d4c00000,0x00000044d4d00000)]
  0x000001b5f9d8c800 JavaThread "Reference Handler" daemon [_thread_blocked, id=65368, stack(0x00000044d5300000,0x00000044d5400000)]
  0x000001b5f9d96000 JavaThread "Finalizer" daemon [_thread_blocked, id=61828, stack(0x00000044d5400000,0x00000044d5500000)]
  0x000001b5fa702800 JavaThread "Signal Dispatcher" daemon [_thread_blocked, id=69440, stack(0x00000044d5500000,0x00000044d5600000)]
  0x000001b5f9da4800 JavaThread "Attach Listener" daemon [_thread_blocked, id=67548, stack(0x00000044d5600000,0x00000044d5700000)]
  0x000001b5f9da5800 JavaThread "Service Thread" daemon [_thread_blocked, id=67276, stack(0x00000044d5700000,0x00000044d5800000)]
=>0x000001b5f9da6000 JavaThread "C2 CompilerThread0" daemon [_thread_in_native, id=46368, stack(0x00000044d5800000,0x00000044d5900000)]
  0x000001b5fa756800 JavaThread "C1 CompilerThread0" daemon [_thread_blocked, id=52640, stack(0x00000044d5900000,0x00000044d5a00000)]
  0x000001b5fa759800 JavaThread "Sweeper thread" daemon [_thread_blocked, id=66256, stack(0x00000044d5a00000,0x00000044d5b00000)]
  0x000001b5fa863800 JavaThread "Common-Cleaner" daemon [_thread_blocked, id=66488, stack(0x00000044d5c00000,0x00000044d5d00000)]
  0x000001b5facb7000 JavaThread "ReaderThread" [_thread_in_native, id=64496, stack(0x00000044d5f00000,0x00000044d6000000)]
  0x000001b5fcdd0800 JavaThread "ForkJoinPool.commonPool-worker-3" daemon [_thread_blocked, id=67504, stack(0x00000044d6000000,0x00000044d6100000)]
  0x000001b5fab9d800 JavaThread "HttpClient-1-SelectorManager" daemon [_thread_in_native, id=64336, stack(0x00000044d6300000,0x00000044d6400000)]
  0x000001b5fab9e800 JavaThread "Thread-3" [_thread_in_native, id=45104, stack(0x00000044d6400000,0x00000044d6500000)]
  0x000001b5fbdd9800 JavaThread "Driver Service Executor" daemon [_thread_blocked, id=58076, stack(0x00000044d6500000,0x00000044d6600000)]
  0x000001b5fc9c8000 JavaThread "Driver Service Executor" daemon [_thread_blocked, id=57972, stack(0x00000044d6600000,0x00000044d6700000)]
  0x000001b5fad59000 JavaThread "UrlChecker-2" daemon [_thread_blocked, id=60220, stack(0x00000044d6700000,0x00000044d6800000)]
  0x000001b5fae70000 JavaThread "pool-1-thread-1" [_thread_blocked, id=65360, stack(0x00000044d6b00000,0x00000044d6c00000)]
  0x000001b5fbee7800 JavaThread "pool-1-thread-2" [_thread_blocked, id=52468, stack(0x00000044d6c00000,0x00000044d6d00000)]
  0x000001b5fbee5000 JavaThread "pool-1-thread-3" [_thread_blocked, id=59988, stack(0x00000044d6d00000,0x00000044d6e00000)]
  0x000001b5fbee7000 JavaThread "HttpClient-2-SelectorManager" daemon [_thread_in_native, id=63684, stack(0x00000044d6800000,0x00000044d6900000)]
  0x000001b5fbee6000 JavaThread "pool-2-thread-1" [_thread_blocked, id=45784, stack(0x00000044d6e00000,0x00000044d6f00000)]
  0x000001b5fbe7b000 JavaThread "pool-2-thread-2" [_thread_blocked, id=44280, stack(0x00000044d6f00000,0x00000044d7000000)]
  0x000001b5fbe79800 JavaThread "pool-2-thread-3" [_thread_blocked, id=69008, stack(0x00000044d7000000,0x00000044d7100000)]

Other Threads:
  0x000001b5f9d65000 VMThread "VM Thread" [stack: 0x00000044d5200000,0x00000044d5300000] [id=66392]
  0x000001b5fa857000 WatcherThread [stack: 0x00000044d5b00000,0x00000044d5c00000] [id=24624]
  0x000001b5dc82b000 GCTaskThread "GC Thread#0" [stack: 0x00000044d4d00000,0x00000044d4e00000] [id=64892]
  0x000001b5fb142000 GCTaskThread "GC Thread#1" [stack: 0x00000044d5d00000,0x00000044d5e00000] [id=57764]
  0x000001b5fae5e000 GCTaskThread "GC Thread#2" [stack: 0x00000044d6100000,0x00000044d6200000] [id=36788]
  0x000001b5fc538000 GCTaskThread "GC Thread#3" [stack: 0x00000044d6200000,0x00000044d6300000] [id=10236]
  0x000001b5dc85b000 ConcurrentGCThread "G1 Main Marker" [stack: 0x00000044d4e00000,0x00000044d4f00000] [id=66464]
  0x000001b5dc861800 ConcurrentGCThread "G1 Conc#0" [stack: 0x00000044d4f00000,0x00000044d5000000] [id=5856]
  0x000001b5dc8de000 ConcurrentGCThread "G1 Refine#0" [stack: 0x00000044d5000000,0x00000044d5100000] [id=54712]
  0x000001b5f9bc2800 ConcurrentGCThread "G1 Young RemSet Sampling" [stack: 0x00000044d5100000,0x00000044d5200000] [id=60156]

Threads with active compile tasks:
C2 CompilerThread0    70942 2464       4       java.lang.invoke.InvokerBytecodeGenerator::getInternalName (98 bytes)

VM state:not at safepoint (normal execution)

VM Mutex/Monitor currently owned by a thread:  ([mutex/lock_event])
[0x000001b5dc80ff20] AdapterHandlerLibrary_lock - owner thread: 0x000001b5dc814000

Heap address: 0x0000000084000000, size: 1984 MB, Compressed Oops mode: 32-bit
Narrow klass base: 0x0000000000000000, Narrow klass shift: 3
Compressed class space size: 1073741824 Address: 0x0000000100000000

Heap:
 garbage-first heap   total 126976K, used 35179K [0x0000000084000000, 0x0000000100000000)
  region size 1024K, 33 young (33792K), 5 survivors (5120K)
 Metaspace       used 26672K, capacity 27882K, committed 27952K, reserved 1073152K
  class space    used 3132K, capacity 3651K, committed 3712K, reserved 1048576K
Heap Regions: E=young(eden), S=young(survivor), O=old, HS=humongous(starts), HC=humongous(continues), CS=collection set, F=free, A=archive, TAMS=top-at-mark-start (previous, next)
|   0|0x0000000084000000, 0x0000000084100000, 0x0000000084100000|100%| O|  |TAMS 0x0000000084100000, 0x0000000084000000| Untracked 
|   1|0x0000000084100000, 0x0000000084200000, 0x0000000084200000|100%| O|  |TAMS 0x0000000084200000, 0x0000000084100000| Untracked 
|   2|0x0000000084200000, 0x000000008426e800, 0x0000000084300000| 43%| O|  |TAMS 0x000000008426e800, 0x0000000084200000| Untracked 
|   3|0x0000000084300000, 0x0000000084300000, 0x0000000084400000|  0%| F|  |TAMS 0x0000000084300000, 0x0000000084300000| Untracked 
|   4|0x0000000084400000, 0x0000000084400000, 0x0000000084500000|  0%| F|  |TAMS 0x0000000084400000, 0x0000000084400000| Untracked 
|   5|0x0000000084500000, 0x0000000084500000, 0x0000000084600000|  0%| F|  |TAMS 0x0000000084500000, 0x0000000084500000| Untracked 
|   6|0x0000000084600000, 0x0000000084600000, 0x0000000084700000|  0%| F|  |TAMS 0x0000000084600000, 0x0000000084600000| Untracked 
|   7|0x0000000084700000, 0x0000000084700000, 0x0000000084800000|  0%| F|  |TAMS 0x0000000084700000, 0x0000000084700000| Untracked 
|   8|0x0000000084800000, 0x0000000084800000, 0x0000000084900000|  0%| F|  |TAMS 0x0000000084800000, 0x0000000084800000| Untracked 
|   9|0x0000000084900000, 0x0000000084900000, 0x0000000084a00000|  0%| F|  |TAMS 0x0000000084900000, 0x0000000084900000| Untracked 
|  10|0x0000000084a00000, 0x0000000084a00000, 0x0000000084b00000|  0%| F|  |TAMS 0x0000000084a00000, 0x0000000084a00000| Untracked 
|  11|0x0000000084b00000, 0x0000000084b00000, 0x0000000084c00000|  0%| F|  |TAMS 0x0000000084b00000, 0x0000000084b00000| Untracked 
|  12|0x0000000084c00000, 0x0000000084c00000, 0x0000000084d00000|  0%| F|  |TAMS 0x0000000084c00000, 0x0000000084c00000| Untracked 
|  13|0x0000000084d00000, 0x0000000084d00000, 0x0000000084e00000|  0%| F|  |TAMS 0x0000000084d00000, 0x0000000084d00000| Untracked 
|  14|0x0000000084e00000, 0x0000000084e00000, 0x0000000084f00000|  0%| F|  |TAMS 0x0000000084e00000, 0x0000000084e00000| Untracked 
|  15|0x0000000084f00000, 0x0000000084f00000, 0x0000000085000000|  0%| F|  |TAMS 0x0000000084f00000, 0x0000000084f00000| Untracked 
|  16|0x0000000085000000, 0x0000000085000000, 0x0000000085100000|  0%| F|  |TAMS 0x0000000085000000, 0x0000000085000000| Untracked 
|  17|0x0000000085100000, 0x0000000085100000, 0x0000000085200000|  0%| F|  |TAMS 0x0000000085100000, 0x0000000085100000| Untracked 
|  18|0x0000000085200000, 0x0000000085200000, 0x0000000085300000|  0%| F|  |TAMS 0x0000000085200000, 0x0000000085200000| Untracked 
|  19|0x0000000085300000, 0x0000000085300000, 0x0000000085400000|  0%| F|  |TAMS 0x0000000085300000, 0x0000000085300000| Untracked 
|  20|0x0000000085400000, 0x0000000085400000, 0x0000000085500000|  0%| F|  |TAMS 0x0000000085400000, 0x0000000085400000| Untracked 
|  21|0x0000000085500000, 0x0000000085500000, 0x0000000085600000|  0%| F|  |TAMS 0x0000000085500000, 0x0000000085500000| Untracked 
|  22|0x0000000085600000, 0x0000000085600000, 0x0000000085700000|  0%| F|  |TAMS 0x0000000085600000, 0x0000000085600000| Untracked 
|  23|0x0000000085700000, 0x0000000085700000, 0x0000000085800000|  0%| F|  |TAMS 0x0000000085700000, 0x0000000085700000| Untracked 
|  24|0x0000000085800000, 0x0000000085800000, 0x0000000085900000|  0%| F|  |TAMS 0x0000000085800000, 0x0000000085800000| Untracked 
|  25|0x0000000085900000, 0x0000000085900000, 0x0000000085a00000|  0%| F|  |TAMS 0x0000000085900000, 0x0000000085900000| Untracked 
|  26|0x0000000085a00000, 0x0000000085a00000, 0x0000000085b00000|  0%| F|  |TAMS 0x0000000085a00000, 0x0000000085a00000| Untracked 
|  27|0x0000000085b00000, 0x0000000085b00000, 0x0000000085c00000|  0%| F|  |TAMS 0x0000000085b00000, 0x0000000085b00000| Untracked 
|  28|0x0000000085c00000, 0x0000000085c00000, 0x0000000085d00000|  0%| F|  |TAMS 0x0000000085c00000, 0x0000000085c00000| Untracked 
|  29|0x0000000085d00000, 0x0000000085d00000, 0x0000000085e00000|  0%| F|  |TAMS 0x0000000085d00000, 0x0000000085d00000| Untracked 
|  30|0x0000000085e00000, 0x0000000085e00000, 0x0000000085f00000|  0%| F|  |TAMS 0x0000000085e00000, 0x0000000085e00000| Untracked 
|  31|0x0000000085f00000, 0x0000000085f00000, 0x0000000086000000|  0%| F|  |TAMS 0x0000000085f00000, 0x0000000085f00000| Untracked 
|  32|0x0000000086000000, 0x0000000086000000, 0x0000000086100000|  0%| F|  |TAMS 0x0000000086000000, 0x0000000086000000| Untracked 
|  33|0x0000000086100000, 0x0000000086100000, 0x0000000086200000|  0%| F|  |TAMS 0x0000000086100000, 0x0000000086100000| Untracked 
|  34|0x0000000086200000, 0x0000000086200000, 0x0000000086300000|  0%| F|  |TAMS 0x0000000086200000, 0x0000000086200000| Untracked 
|  35|0x0000000086300000, 0x0000000086300000, 0x0000000086400000|  0%| F|  |TAMS 0x0000000086300000, 0x0000000086300000| Untracked 
|  36|0x0000000086400000, 0x0000000086400000, 0x0000000086500000|  0%| F|  |TAMS 0x0000000086400000, 0x0000000086400000| Untracked 
|  37|0x0000000086500000, 0x0000000086500000, 0x0000000086600000|  0%| F|  |TAMS 0x0000000086500000, 0x0000000086500000| Untracked 
|  38|0x0000000086600000, 0x0000000086600000, 0x0000000086700000|  0%| F|  |TAMS 0x0000000086600000, 0x0000000086600000| Untracked 
|  39|0x0000000086700000, 0x0000000086700000, 0x0000000086800000|  0%| F|  |TAMS 0x0000000086700000, 0x0000000086700000| Untracked 
|  40|0x0000000086800000, 0x0000000086800000, 0x0000000086900000|  0%| F|  |TAMS 0x0000000086800000, 0x0000000086800000| Untracked 
|  41|0x0000000086900000, 0x0000000086900000, 0x0000000086a00000|  0%| F|  |TAMS 0x0000000086900000, 0x0000000086900000| Untracked 
|  42|0x0000000086a00000, 0x0000000086a00000, 0x0000000086b00000|  0%| F|  |TAMS 0x0000000086a00000, 0x0000000086a00000| Untracked 
|  43|0x0000000086b00000, 0x0000000086b00000, 0x0000000086c00000|  0%| F|  |TAMS 0x0000000086b00000, 0x0000000086b00000| Untracked 
|  44|0x0000000086c00000, 0x0000000086c00000, 0x0000000086d00000|  0%| F|  |TAMS 0x0000000086c00000, 0x0000000086c00000| Untracked 
|  45|0x0000000086d00000, 0x0000000086d00000, 0x0000000086e00000|  0%| F|  |TAMS 0x0000000086d00000, 0x0000000086d00000| Untracked 
|  46|0x0000000086e00000, 0x0000000086e00000, 0x0000000086f00000|  0%| F|  |TAMS 0x0000000086e00000, 0x0000000086e00000| Untracked 
|  47|0x0000000086f00000, 0x0000000086f00000, 0x0000000087000000|  0%| F|  |TAMS 0x0000000086f00000, 0x0000000086f00000| Untracked 
|  48|0x0000000087000000, 0x0000000087000000, 0x0000000087100000|  0%| F|  |TAMS 0x0000000087000000, 0x0000000087000000| Untracked 
|  49|0x0000000087100000, 0x0000000087100000, 0x0000000087200000|  0%| F|  |TAMS 0x0000000087100000, 0x0000000087100000| Untracked 
|  50|0x0000000087200000, 0x0000000087200000, 0x0000000087300000|  0%| F|  |TAMS 0x0000000087200000, 0x0000000087200000| Untracked 
|  51|0x0000000087300000, 0x0000000087300000, 0x0000000087400000|  0%| F|  |TAMS 0x0000000087300000, 0x0000000087300000| Untracked 
|  52|0x0000000087400000, 0x0000000087400000, 0x0000000087500000|  0%| F|  |TAMS 0x0000000087400000, 0x0000000087400000| Untracked 
|  53|0x0000000087500000, 0x0000000087500000, 0x0000000087600000|  0%| F|  |TAMS 0x0000000087500000, 0x0000000087500000| Untracked 
|  54|0x0000000087600000, 0x0000000087600000, 0x0000000087700000|  0%| F|  |TAMS 0x0000000087600000, 0x0000000087600000| Untracked 
|  55|0x0000000087700000, 0x0000000087700000, 0x0000000087800000|  0%| F|  |TAMS 0x0000000087700000, 0x0000000087700000| Untracked 
|  56|0x0000000087800000, 0x0000000087800000, 0x0000000087900000|  0%| F|  |TAMS 0x0000000087800000, 0x0000000087800000| Untracked 
|  57|0x0000000087900000, 0x0000000087900000, 0x0000000087a00000|  0%| F|  |TAMS 0x0000000087900000, 0x0000000087900000| Untracked 
|  58|0x0000000087a00000, 0x0000000087a00000, 0x0000000087b00000|  0%| F|  |TAMS 0x0000000087a00000, 0x0000000087a00000| Untracked 
|  59|0x0000000087b00000, 0x0000000087b00000, 0x0000000087c00000|  0%| F|  |TAMS 0x0000000087b00000, 0x0000000087b00000| Untracked 
|  60|0x0000000087c00000, 0x0000000087c00000, 0x0000000087d00000|  0%| F|  |TAMS 0x0000000087c00000, 0x0000000087c00000| Untracked 
|  61|0x0000000087d00000, 0x0000000087d00000, 0x0000000087e00000|  0%| F|  |TAMS 0x0000000087d00000, 0x0000000087d00000| Untracked 
|  62|0x0000000087e00000, 0x0000000087e00000, 0x0000000087f00000|  0%| F|  |TAMS 0x0000000087e00000, 0x0000000087e00000| Untracked 
|  63|0x0000000087f00000, 0x0000000087f00000, 0x0000000088000000|  0%| F|  |TAMS 0x0000000087f00000, 0x0000000087f00000| Untracked 
|  64|0x0000000088000000, 0x0000000088000000, 0x0000000088100000|  0%| F|  |TAMS 0x0000000088000000, 0x0000000088000000| Untracked 
|  65|0x0000000088100000, 0x0000000088100000, 0x0000000088200000|  0%| F|  |TAMS 0x0000000088100000, 0x0000000088100000| Untracked 
|  66|0x0000000088200000, 0x0000000088200000, 0x0000000088300000|  0%| F|  |TAMS 0x0000000088200000, 0x0000000088200000| Untracked 
|  67|0x0000000088300000, 0x0000000088300000, 0x0000000088400000|  0%| F|  |TAMS 0x0000000088300000, 0x0000000088300000| Untracked 
|  68|0x0000000088400000, 0x0000000088400000, 0x0000000088500000|  0%| F|  |TAMS 0x0000000088400000, 0x0000000088400000| Untracked 
|  69|0x0000000088500000, 0x0000000088500000, 0x0000000088600000|  0%| F|  |TAMS 0x0000000088500000, 0x0000000088500000| Untracked 
|  70|0x0000000088600000, 0x0000000088600000, 0x0000000088700000|  0%| F|  |TAMS 0x0000000088600000, 0x0000000088600000| Untracked 
|  71|0x0000000088700000, 0x0000000088700000, 0x0000000088800000|  0%| F|  |TAMS 0x0000000088700000, 0x0000000088700000| Untracked 
|  72|0x0000000088800000, 0x0000000088800000, 0x0000000088900000|  0%| F|  |TAMS 0x0000000088800000, 0x0000000088800000| Untracked 
|  73|0x0000000088900000, 0x0000000088900000, 0x0000000088a00000|  0%| F|  |TAMS 0x0000000088900000, 0x0000000088900000| Untracked 
|  74|0x0000000088a00000, 0x0000000088a00000, 0x0000000088b00000|  0%| F|  |TAMS 0x0000000088a00000, 0x0000000088a00000| Untracked 
|  75|0x0000000088b00000, 0x0000000088b00000, 0x0000000088c00000|  0%| F|  |TAMS 0x0000000088b00000, 0x0000000088b00000| Untracked 
|  76|0x0000000088c00000, 0x0000000088c00000, 0x0000000088d00000|  0%| F|  |TAMS 0x0000000088c00000, 0x0000000088c00000| Untracked 
|  77|0x0000000088d00000, 0x0000000088d00000, 0x0000000088e00000|  0%| F|  |TAMS 0x0000000088d00000, 0x0000000088d00000| Untracked 
|  78|0x0000000088e00000, 0x0000000088e00000, 0x0000000088f00000|  0%| F|  |TAMS 0x0000000088e00000, 0x0000000088e00000| Untracked 
|  79|0x0000000088f00000, 0x0000000088fec7f8, 0x0000000089000000| 92%| S|CS|TAMS 0x0000000088f00000, 0x0000000088f00000| Complete 
|  80|0x0000000089000000, 0x0000000089100000, 0x0000000089100000|100%| S|CS|TAMS 0x0000000089000000, 0x0000000089000000| Complete 
|  81|0x0000000089100000, 0x0000000089200000, 0x0000000089200000|100%| S|CS|TAMS 0x0000000089100000, 0x0000000089100000| Complete 
|  82|0x0000000089200000, 0x0000000089300000, 0x0000000089300000|100%| S|CS|TAMS 0x0000000089200000, 0x0000000089200000| Complete 
|  83|0x0000000089300000, 0x0000000089400000, 0x0000000089400000|100%| S|CS|TAMS 0x0000000089300000, 0x0000000089300000| Complete 
|  84|0x0000000089400000, 0x0000000089400000, 0x0000000089500000|  0%| F|  |TAMS 0x0000000089400000, 0x0000000089400000| Untracked 
|  85|0x0000000089500000, 0x0000000089500000, 0x0000000089600000|  0%| F|  |TAMS 0x0000000089500000, 0x0000000089500000| Untracked 
|  86|0x0000000089600000, 0x0000000089600000, 0x0000000089700000|  0%| F|  |TAMS 0x0000000089600000, 0x0000000089600000| Untracked 
|  87|0x0000000089700000, 0x0000000089700000, 0x0000000089800000|  0%| F|  |TAMS 0x0000000089700000, 0x0000000089700000| Untracked 
|  88|0x0000000089800000, 0x0000000089800000, 0x0000000089900000|  0%| F|  |TAMS 0x0000000089800000, 0x0000000089800000| Untracked 
|  89|0x0000000089900000, 0x0000000089900000, 0x0000000089a00000|  0%| F|  |TAMS 0x0000000089900000, 0x0000000089900000| Untracked 
|  90|0x0000000089a00000, 0x0000000089a00000, 0x0000000089b00000|  0%| F|  |TAMS 0x0000000089a00000, 0x0000000089a00000| Untracked 
|  91|0x0000000089b00000, 0x0000000089b00000, 0x0000000089c00000|  0%| F|  |TAMS 0x0000000089b00000, 0x0000000089b00000| Untracked 
|  92|0x0000000089c00000, 0x0000000089c00000, 0x0000000089d00000|  0%| F|  |TAMS 0x0000000089c00000, 0x0000000089c00000| Untracked 
|  93|0x0000000089d00000, 0x0000000089d00000, 0x0000000089e00000|  0%| F|  |TAMS 0x0000000089d00000, 0x0000000089d00000| Untracked 
|  94|0x0000000089e00000, 0x0000000089e00000, 0x0000000089f00000|  0%| F|  |TAMS 0x0000000089e00000, 0x0000000089e00000| Untracked 
|  95|0x0000000089f00000, 0x0000000089f00000, 0x000000008a000000|  0%| F|  |TAMS 0x0000000089f00000, 0x0000000089f00000| Untracked 
|  96|0x000000008a000000, 0x000000008a100000, 0x000000008a100000|100%| E|  |TAMS 0x000000008a000000, 0x000000008a000000| Complete 
|  97|0x000000008a100000, 0x000000008a200000, 0x000000008a200000|100%| E|CS|TAMS 0x000000008a100000, 0x000000008a100000| Complete 
|  98|0x000000008a200000, 0x000000008a300000, 0x000000008a300000|100%| E|CS|TAMS 0x000000008a200000, 0x000000008a200000| Complete 
|  99|0x000000008a300000, 0x000000008a400000, 0x000000008a400000|100%| E|CS|TAMS 0x000000008a300000, 0x000000008a300000| Complete 
| 100|0x000000008a400000, 0x000000008a500000, 0x000000008a500000|100%| E|CS|TAMS 0x000000008a400000, 0x000000008a400000| Complete 
| 101|0x000000008a500000, 0x000000008a600000, 0x000000008a600000|100%| E|CS|TAMS 0x000000008a500000, 0x000000008a500000| Complete 
| 102|0x000000008a600000, 0x000000008a700000, 0x000000008a700000|100%| E|CS|TAMS 0x000000008a600000, 0x000000008a600000| Complete 
| 103|0x000000008a700000, 0x000000008a800000, 0x000000008a800000|100%| E|CS|TAMS 0x000000008a700000, 0x000000008a700000| Complete 
| 104|0x000000008a800000, 0x000000008a900000, 0x000000008a900000|100%| E|CS|TAMS 0x000000008a800000, 0x000000008a800000| Complete 
| 105|0x000000008a900000, 0x000000008aa00000, 0x000000008aa00000|100%| E|CS|TAMS 0x000000008a900000, 0x000000008a900000| Complete 
| 106|0x000000008aa00000, 0x000000008ab00000, 0x000000008ab00000|100%| E|CS|TAMS 0x000000008aa00000, 0x000000008aa00000| Complete 
| 107|0x000000008ab00000, 0x000000008ac00000, 0x000000008ac00000|100%| E|CS|TAMS 0x000000008ab00000, 0x000000008ab00000| Complete 
| 108|0x000000008ac00000, 0x000000008ad00000, 0x000000008ad00000|100%| E|CS|TAMS 0x000000008ac00000, 0x000000008ac00000| Complete 
| 109|0x000000008ad00000, 0x000000008ae00000, 0x000000008ae00000|100%| E|CS|TAMS 0x000000008ad00000, 0x000000008ad00000| Complete 
| 110|0x000000008ae00000, 0x000000008af00000, 0x000000008af00000|100%| E|CS|TAMS 0x000000008ae00000, 0x000000008ae00000| Complete 
| 111|0x000000008af00000, 0x000000008b000000, 0x000000008b000000|100%| E|CS|TAMS 0x000000008af00000, 0x000000008af00000| Complete 
| 112|0x000000008b000000, 0x000000008b100000, 0x000000008b100000|100%| E|CS|TAMS 0x000000008b000000, 0x000000008b000000| Complete 
| 113|0x000000008b100000, 0x000000008b200000, 0x000000008b200000|100%| E|CS|TAMS 0x000000008b100000, 0x000000008b100000| Complete 
| 114|0x000000008b200000, 0x000000008b300000, 0x000000008b300000|100%| E|CS|TAMS 0x000000008b200000, 0x000000008b200000| Complete 
| 115|0x000000008b300000, 0x000000008b400000, 0x000000008b400000|100%| E|CS|TAMS 0x000000008b300000, 0x000000008b300000| Complete 
| 116|0x000000008b400000, 0x000000008b500000, 0x000000008b500000|100%| E|CS|TAMS 0x000000008b400000, 0x000000008b400000| Complete 
| 117|0x000000008b500000, 0x000000008b600000, 0x000000008b600000|100%| E|CS|TAMS 0x000000008b500000, 0x000000008b500000| Complete 
| 118|0x000000008b600000, 0x000000008b700000, 0x000000008b700000|100%| E|CS|TAMS 0x000000008b600000, 0x000000008b600000| Complete 
| 119|0x000000008b700000, 0x000000008b800000, 0x000000008b800000|100%| E|CS|TAMS 0x000000008b700000, 0x000000008b700000| Complete 
| 120|0x000000008b800000, 0x000000008b900000, 0x000000008b900000|100%| E|CS|TAMS 0x000000008b800000, 0x000000008b800000| Complete 
| 121|0x000000008b900000, 0x000000008ba00000, 0x000000008ba00000|100%| E|CS|TAMS 0x000000008b900000, 0x000000008b900000| Complete 
| 122|0x000000008ba00000, 0x000000008bb00000, 0x000000008bb00000|100%| E|CS|TAMS 0x000000008ba00000, 0x000000008ba00000| Complete 
| 123|0x000000008bb00000, 0x000000008bc00000, 0x000000008bc00000|100%| E|CS|TAMS 0x000000008bb00000, 0x000000008bb00000| Complete 

Card table byte_map: [0x000001b5f32d0000,0x000001b5f36b0000] _byte_map_base: 0x000001b5f2eb0000

Marking Bits (Prev, Next): (CMBitMap*) 0x000001b5dc852730, (CMBitMap*) 0x000001b5dc8526f8
 Prev Bits: [0x000001b5f5990000, 0x000001b5f7890000)
 Next Bits: [0x000001b5f3a90000, 0x000001b5f5990000)

Polling page: 0x000001b5da750000

Metaspace:

Usage:
  Non-class:     23.66 MB capacity,    22.99 MB ( 97%) used,   554.27 KB (  2%) free+waste,   136.88 KB ( <1%) overhead. 
      Class:      3.57 MB capacity,     3.06 MB ( 86%) used,   446.47 KB ( 12%) free+waste,    71.75 KB (  2%) overhead. 
       Both:     27.23 MB capacity,    26.05 MB ( 96%) used,  1000.74 KB (  4%) free+waste,   208.62 KB ( <1%) overhead. 

Virtual space:
  Non-class space:       24.00 MB reserved,      23.67 MB ( 99%) committed 
      Class space:        1.00 GB reserved,       3.62 MB ( <1%) committed 
             Both:        1.02 GB reserved,      27.30 MB (  3%) committed 

Chunk freelists:
   Non-Class:  0 bytes
       Class:  0 bytes
        Both:  0 bytes

CodeHeap 'non-profiled nmethods': size=120064Kb used=983Kb max_used=983Kb free=119080Kb
 bounds [0x000001b5eb9b0000, 0x000001b5ebc20000, 0x000001b5f2ef0000]
CodeHeap 'profiled nmethods': size=120000Kb used=4900Kb max_used=4900Kb free=115099Kb
 bounds [0x000001b5e4480000, 0x000001b5e4950000, 0x000001b5eb9b0000]
CodeHeap 'non-nmethods': size=5696Kb used=1202Kb max_used=1218Kb free=4494Kb
 bounds [0x000001b5e3ef0000, 0x000001b5e4160000, 0x000001b5e4480000]
 total_blobs=3027 nmethods=2474 adapters=464
 compilation: enabled
              stopped_count=0, restarted_count=0
 full_count=0

Compilation events (10 events):
Event: 70.863 Thread 0x000001b5fa756800 2460       1       java.text.DecimalFormatSymbols::getZeroDigit (5 bytes)
Event: 70.863 Thread 0x000001b5fa756800 nmethod 2460 0x000001b5ebaa4810 code [0x000001b5ebaa49a0, 0x000001b5ebaa4a58]
Event: 70.870 Thread 0x000001b5f9da6000 nmethod 2461 0x000001b5ebaa4b10 code [0x000001b5ebaa4cc0, 0x000001b5ebaa4f38]
Event: 70.879 Thread 0x000001b5fa756800 2462       3       java.lang.invoke.DirectMethodHandle::rebind (5 bytes)
Event: 70.880 Thread 0x000001b5fa756800 nmethod 2462 0x000001b5e4944290 code [0x000001b5e4944480, 0x000001b5e49449c8]
Event: 70.892 Thread 0x000001b5fa756800 2463       3       java.util.Arrays::equals (57 bytes)
Event: 70.892 Thread 0x000001b5fa756800 nmethod 2463 0x000001b5e4944b90 code [0x000001b5e4944d60, 0x000001b5e49452c8]
Event: 70.892 Thread 0x000001b5f9da6000 2464       4       java.lang.invoke.InvokerBytecodeGenerator::getInternalName (98 bytes)
Event: 70.895 Thread 0x000001b5fa756800 2465       3       java.lang.invoke.LambdaFormBuffer::resultIndex (41 bytes)
Event: 70.895 Thread 0x000001b5fa756800 nmethod 2465 0x000001b5e4945490 code [0x000001b5e4945640, 0x000001b5e49458f8]

GC Heap History (4 events):
Event: 7.725 GC heap before
{Heap before GC invocations=0 (full 0):
 garbage-first heap   total 126976K, used 13312K [0x0000000084000000, 0x0000000100000000)
  region size 1024K, 14 young (14336K), 0 survivors (0K)
 Metaspace       used 8040K, capacity 8151K, committed 8320K, reserved 1056768K
  class space    used 737K, capacity 781K, committed 896K, reserved 1048576K
}
Event: 7.786 GC heap after
{Heap after GC invocations=1 (full 0):
 garbage-first heap   total 126976K, used 4538K [0x0000000084000000, 0x0000000100000000)
  region size 1024K, 2 young (2048K), 2 survivors (2048K)
 Metaspace       used 8040K, capacity 8151K, committed 8320K, reserved 1056768K
  class space    used 737K, capacity 781K, committed 896K, reserved 1048576K
}
Event: 35.133 GC heap before
{Heap before GC invocations=1 (full 0):
 garbage-first heap   total 126976K, used 42426K [0x0000000084000000, 0x0000000100000000)
  region size 1024K, 40 young (40960K), 2 survivors (2048K)
 Metaspace       used 20357K, capacity 21091K, committed 21296K, reserved 1069056K
  class space    used 2271K, capacity 2589K, committed 2688K, reserved 1048576K
}
Event: 35.156 GC heap after
{Heap after GC invocations=2 (full 0):
 garbage-first heap   total 126976K, used 7531K [0x0000000084000000, 0x0000000100000000)
  region size 1024K, 5 young (5120K), 5 survivors (5120K)
 Metaspace       used 20357K, capacity 21091K, committed 21296K, reserved 1069056K
  class space    used 2271K, capacity 2589K, committed 2688K, reserved 1048576K
}

Deoptimization events (10 events):
Event: 62.170 Thread 0x000001b5dc814000 Uncommon trap: reason=unstable_if action=reinterpret pc=0x000001b5eb9bb9d4 method=java.lang.StringLatin1.canEncode(I)Z @ 4 c2
Event: 62.170 Thread 0x000001b5dc814000 Uncommon trap: reason=unstable_if action=reinterpret pc=0x000001b5eb9d84d8 method=java.lang.AbstractStringBuilder.isLatin1()Z @ 10 c2
Event: 62.174 Thread 0x000001b5dc814000 Uncommon trap: reason=unstable_if action=reinterpret pc=0x000001b5eb9bc2c8 method=java.lang.StringLatin1.canEncode(I)Z @ 4 c2
Event: 62.174 Thread 0x000001b5dc814000 Uncommon trap: reason=unstable_if action=reinterpret pc=0x000001b5eb9c1ea8 method=java.lang.AbstractStringBuilder.putStringAt(ILjava/lang/String;)V @ 8 c2
Event: 62.174 Thread 0x000001b5dc814000 Uncommon trap: reason=unstable_if action=reinterpret pc=0x000001b5eb9c256c method=java.lang.String.getBytes([BIB)V @ 5 c2
Event: 67.242 Thread 0x000001b5dc814000 Uncommon trap: reason=unstable_if action=reinterpret pc=0x000001b5eba2cda4 method=java.util.Arrays.equals([Ljava/lang/Object;[Ljava/lang/Object;)Z @ 44 c2
Event: 70.878 Thread 0x000001b5dc814000 Uncommon trap: reason=profile_predicate action=maybe_recompile pc=0x000001b5eba9af30 method=java.lang.invoke.InvokerBytecodeGenerator.<init>(Ljava/lang/String;Ljava/lang/String;Ljava/lang/invoke/LambdaForm;Ljava/lang/invoke/MethodType;)V @ 33 c2
Event: 70.878 Thread 0x000001b5dc814000 Uncommon trap: reason=profile_predicate action=maybe_recompile pc=0x000001b5eba9af30 method=java.lang.invoke.InvokerBytecodeGenerator.<init>(Ljava/lang/String;Ljava/lang/String;Ljava/lang/invoke/LambdaForm;Ljava/lang/invoke/MethodType;)V @ 33 c2
Event: 70.879 Thread 0x000001b5dc814000 Uncommon trap: reason=profile_predicate action=maybe_recompile pc=0x000001b5eba9af30 method=java.lang.invoke.InvokerBytecodeGenerator.<init>(Ljava/lang/String;Ljava/lang/String;Ljava/lang/invoke/LambdaForm;Ljava/lang/invoke/MethodType;)V @ 33 c2
Event: 70.879 Thread 0x000001b5dc814000 Uncommon trap: reason=profile_predicate action=maybe_recompile pc=0x000001b5eba9af30 method=java.lang.invoke.InvokerBytecodeGenerator.<init>(Ljava/lang/String;Ljava/lang/String;Ljava/lang/invoke/LambdaForm;Ljava/lang/invoke/MethodType;)V @ 33 c2

Classes redefined (0 events):
No events

Internal exceptions (10 events):
Event: 38.350 Thread 0x000001b5dc814000 Exception <a 'java/lang/NoSuchMethodError'{0x000000008b33a1f8}: java.lang.invoke.DirectMethodHandle$Holder.invokeStatic(Ljava/lang/Object;Ljava/lang/Object;I)V> (0x000000008b33a1f8) thrown at [./open/src/hotspot/share/interpreter/linkResolver.cpp, line 77
Event: 39.232 Thread 0x000001b5fae70000 Exception <a 'java/lang/NoSuchMethodError'{0x000000008aff98d8}: java.lang.invoke.DirectMethodHandle$Holder.invokeSpecial(Ljava/lang/Object;Ljava/lang/Object;IILjava/lang/Object;Ljava/lang/Object;I)Ljava/lang/Object;> (0x000000008aff98d8) thrown at [./open
Event: 39.232 Thread 0x000001b5fae70000 Exception <a 'java/lang/NoSuchMethodError'{0x000000008affcd58}: java.lang.invoke.DelegatingMethodHandle$Holder.reinvoke_L(Ljava/lang/Object;IILjava/lang/Object;Ljava/lang/Object;I)Ljava/lang/Object;> (0x000000008affcd58) thrown at [./open/src/hotspot/shar
Event: 39.233 Thread 0x000001b5fae70000 Exception <a 'java/lang/NoSuchMethodError'{0x000000008ae0df38}: java.lang.invoke.DirectMethodHandle$Holder.invokeSpecial(Ljava/lang/Object;Ljava/lang/Object;Ljava/lang/Object;Ljava/lang/Object;I)Ljava/lang/Object;> (0x000000008ae0df38) thrown at [./open/s
Event: 39.233 Thread 0x000001b5fae70000 Exception <a 'java/lang/NoSuchMethodError'{0x000000008ae10f98}: java.lang.invoke.Invokers$Holder.linkToTargetMethod(Ljava/lang/Object;Ljava/lang/Object;ILjava/lang/Object;)Ljava/lang/Object;> (0x000000008ae10f98) thrown at [./open/src/hotspot/share/interp
Event: 39.382 Thread 0x000001b5fae70000 Exception <a 'java/lang/NoSuchMethodError'{0x000000008ae6b3b8}: java.lang.invoke.DirectMethodHandle$Holder.invokeSpecial(Ljava/lang/Object;Ljava/lang/Object;Ljava/lang/Object;Ljava/lang/Object;Ljava/lang/Object;)V> (0x000000008ae6b3b8) thrown at [./open/s
Event: 39.450 Thread 0x000001b5fae70000 Exception <a 'java/lang/NoSuchMethodError'{0x000000008ae8e950}: java.lang.invoke.DirectMethodHandle$Holder.invokeStatic(Ljava/lang/Object;JJ)J> (0x000000008ae8e950) thrown at [./open/src/hotspot/share/interpreter/linkResolver.cpp, line 772]
Event: 47.303 Thread 0x000001b5fbee7800 Exception <a 'java/lang/NoSuchMethodError'{0x000000008adc3840}: java.lang.invoke.DirectMethodHandle$Holder.invokeSpecial(Ljava/lang/Object;Ljava/lang/Object;Ljava/lang/Object;Ljava/lang/Object;Ljava/lang/Object;Ljava/lang/Object;Ljava/lang/Object;)V> (0x0
Event: 48.220 Thread 0x000001b5dc814000 Exception <a 'java/lang/NoSuchMethodError'{0x000000008aa0f8e0}: java.lang.invoke.DirectMethodHandle$Holder.invokeSpecialIFC(Ljava/lang/Object;Ljava/lang/Object;Ljava/lang/Object;)Ljava/lang/Object;> (0x000000008aa0f8e0) thrown at [./open/src/hotspot/share
Event: 70.843 Thread 0x000001b5dc814000 Exception <a 'java/lang/ClassNotFoundException'{0x000000008a1cd700}: sun/misc/SharedSecrets> (0x000000008a1cd700) thrown at [./open/src/hotspot/share/classfile/systemDictionary.cpp, line 226]

Events (10 events):
Event: 70.878 Thread 0x000001b5dc814000 DEOPT UNPACKING pc=0x000001b5e3ef83af sp=0x00000044d4cfbac0 mode 2
Event: 70.878 Thread 0x000001b5dc814000 Uncommon trap: trap_request=0xffffffbe fr.pc=0x000001b5eba9af30 relative=0x0000000000000f90
Event: 70.878 Thread 0x000001b5dc814000 DEOPT PACKING pc=0x000001b5eba9af30 sp=0x00000044d4cfbc20
Event: 70.878 Thread 0x000001b5dc814000 DEOPT UNPACKING pc=0x000001b5e3ef83af sp=0x00000044d4cfba00 mode 2
Event: 70.879 Thread 0x000001b5dc814000 Uncommon trap: trap_request=0xffffffbe fr.pc=0x000001b5eba9af30 relative=0x0000000000000f90
Event: 70.879 Thread 0x000001b5dc814000 DEOPT PACKING pc=0x000001b5eba9af30 sp=0x00000044d4cfbc20
Event: 70.879 Thread 0x000001b5dc814000 DEOPT UNPACKING pc=0x000001b5e3ef83af sp=0x00000044d4cfba00 mode 2
Event: 70.879 Thread 0x000001b5dc814000 Uncommon trap: trap_request=0xffffffbe fr.pc=0x000001b5eba9af30 relative=0x0000000000000f90
Event: 70.879 Thread 0x000001b5dc814000 DEOPT PACKING pc=0x000001b5eba9af30 sp=0x00000044d4cfbb70
Event: 70.879 Thread 0x000001b5dc814000 DEOPT UNPACKING pc=0x000001b5e3ef83af sp=0x00000044d4cfb950 mode 2


Dynamic libraries:
0x00007ff7b0040000 - 0x00007ff7b0050000 	C:\Program Files\Java\jdk-11\bin\javaw.exe
0x00007ff9f9f70000 - 0x00007ff9fa184000 	C:\WINDOWS\SYSTEM32\ntdll.dll
0x00007ff9f9260000 - 0x00007ff9f9324000 	C:\WINDOWS\System32\KERNEL32.DLL
0x00007ff9f7770000 - 0x00007ff9f7b14000 	C:\WINDOWS\System32\KERNELBASE.dll
0x00007ff9f7650000 - 0x00007ff9f7761000 	C:\WINDOWS\System32\ucrtbase.dll
0x00007ff9dabe0000 - 0x00007ff9dabf9000 	C:\Program Files\Java\jdk-11\bin\jli.dll
0x00007ff9f9170000 - 0x00007ff9f9220000 	C:\WINDOWS\System32\ADVAPI32.dll
0x00007ff9f9330000 - 0x00007ff9f93d7000 	C:\WINDOWS\System32\msvcrt.dll
0x00007ff9f96a0000 - 0x00007ff9f9746000 	C:\WINDOWS\System32\sechost.dll
0x00007ff9f89d0000 - 0x00007ff9f8ae7000 	C:\WINDOWS\System32\RPCRT4.dll
0x00007ff9f9d80000 - 0x00007ff9f9f2e000 	C:\WINDOWS\System32\USER32.dll
0x00007ff9f7560000 - 0x00007ff9f7586000 	C:\WINDOWS\System32\win32u.dll
0x00007ff9f95e0000 - 0x00007ff9f9609000 	C:\WINDOWS\System32\GDI32.dll
0x00007ff9f7320000 - 0x00007ff9f7438000 	C:\WINDOWS\System32\gdi32full.dll
0x00007ff9f7440000 - 0x00007ff9f74da000 	C:\WINDOWS\System32\msvcp_win.dll
0x00007ff9dab60000 - 0x00007ff9dab7b000 	C:\Program Files\Java\jdk-11\bin\VCRUNTIME140.dll
0x00007ff9da320000 - 0x00007ff9da5b3000 	C:\WINDOWS\WinSxS\amd64_microsoft.windows.common-controls_6595b64144ccf1df_6.0.22621.2215_none_270d72677387dfc3\COMCTL32.dll
0x00007ff9f0860000 - 0x00007ff9f086a000 	C:\WINDOWS\SYSTEM32\VERSION.dll
0x00007ff9f9220000 - 0x00007ff9f9251000 	C:\WINDOWS\System32\IMM32.DLL
0x00007ff9df380000 - 0x00007ff9df38c000 	C:\Program Files\Java\jdk-11\bin\vcruntime140_1.dll
0x00007ff9ccb90000 - 0x00007ff9ccc1e000 	C:\Program Files\Java\jdk-11\bin\msvcp140.dll
0x00007ff9a4460000 - 0x00007ff9a4fcd000 	C:\Program Files\Java\jdk-11\bin\server\jvm.dll
0x00007ff9f9580000 - 0x00007ff9f9588000 	C:\WINDOWS\System32\PSAPI.DLL
0x00007ff9d3f60000 - 0x00007ff9d3f69000 	C:\WINDOWS\SYSTEM32\WSOCK32.dll
0x00007ff9f93e0000 - 0x00007ff9f9451000 	C:\WINDOWS\System32\WS2_32.dll
0x00007ff9ee4b0000 - 0x00007ff9ee4e4000 	C:\WINDOWS\SYSTEM32\WINMM.dll
0x00007ff9f6370000 - 0x00007ff9f6388000 	C:\WINDOWS\SYSTEM32\kernel.appcore.dll
0x00007ff9df350000 - 0x00007ff9df360000 	C:\Program Files\Java\jdk-11\bin\verify.dll
0x00007ff9f4d40000 - 0x00007ff9f4f6e000 	C:\WINDOWS\SYSTEM32\DBGHELP.DLL
0x00007ff9f8de0000 - 0x00007ff9f916a000 	C:\WINDOWS\System32\combase.dll
0x00007ff9f9760000 - 0x00007ff9f9837000 	C:\WINDOWS\System32\OLEAUT32.dll
0x00007ff9d05f0000 - 0x00007ff9d0622000 	C:\WINDOWS\SYSTEM32\dbgcore.DLL
0x00007ff9f74e0000 - 0x00007ff9f755a000 	C:\WINDOWS\System32\bcryptPrimitives.dll
0x00007ff9d9f10000 - 0x00007ff9d9f38000 	C:\Program Files\Java\jdk-11\bin\java.dll
0x00007ff9df2b0000 - 0x00007ff9df2ba000 	C:\Program Files\Java\jdk-11\bin\jimage.dll
0x00007ff9dab40000 - 0x00007ff9dab57000 	C:\Program Files\Java\jdk-11\bin\zip.dll
0x00007ff9f7de0000 - 0x00007ff9f8603000 	C:\WINDOWS\System32\SHELL32.dll
0x00007ff9f5270000 - 0x00007ff9f5b5a000 	C:\WINDOWS\SYSTEM32\windows.storage.dll
0x00007ff9f5130000 - 0x00007ff9f526e000 	C:\WINDOWS\SYSTEM32\wintypes.dll
0x00007ff9f8610000 - 0x00007ff9f8703000 	C:\WINDOWS\System32\SHCORE.dll
0x00007ff9f8710000 - 0x00007ff9f876e000 	C:\WINDOWS\System32\shlwapi.dll
0x00007ff9f7250000 - 0x00007ff9f7276000 	C:\WINDOWS\SYSTEM32\profapi.dll
0x00007ff9d9fc0000 - 0x00007ff9d9fd9000 	C:\Program Files\Java\jdk-11\bin\net.dll
0x00007ff9f1a80000 - 0x00007ff9f1bb7000 	C:\WINDOWS\SYSTEM32\WINHTTP.dll
0x00007ff9f67f0000 - 0x00007ff9f6859000 	C:\WINDOWS\system32\mswsock.dll
0x00007ff9d9ef0000 - 0x00007ff9d9f02000 	C:\Program Files\Java\jdk-11\bin\nio.dll
0x00007ff9f5de0000 - 0x00007ff9f5ed2000 	C:\WINDOWS\SYSTEM32\DNSAPI.dll
0x00007ff9f5db0000 - 0x00007ff9f5ddd000 	C:\WINDOWS\SYSTEM32\IPHLPAPI.DLL
0x00007ff9f8770000 - 0x00007ff9f8779000 	C:\WINDOWS\System32\NSI.dll
0x00007ff9e5db0000 - 0x00007ff9e5dba000 	C:\Windows\System32\rasadhlp.dll
0x00007ff9e5ca0000 - 0x00007ff9e5d24000 	C:\WINDOWS\System32\fwpuclnt.dll
0x00007ff9f6a40000 - 0x00007ff9f6a5b000 	C:\WINDOWS\SYSTEM32\CRYPTSP.dll
0x00007ff9f62e0000 - 0x00007ff9f6315000 	C:\WINDOWS\system32\rsaenh.dll
0x00007ff9f68e0000 - 0x00007ff9f690c000 	C:\WINDOWS\SYSTEM32\USERENV.dll
0x00007ff9f6c00000 - 0x00007ff9f6c28000 	C:\WINDOWS\SYSTEM32\bcrypt.dll
0x00007ff9f6a60000 - 0x00007ff9f6a6c000 	C:\WINDOWS\SYSTEM32\CRYPTBASE.dll
0x00007ff9ecaf0000 - 0x00007ff9ecb09000 	C:\WINDOWS\SYSTEM32\dhcpcsvc6.DLL
0x00007ff9ecad0000 - 0x00007ff9ecaef000 	C:\WINDOWS\SYSTEM32\dhcpcsvc.DLL
0x00007ff9f4220000 - 0x00007ff9f42b7000 	C:\WINDOWS\system32\apphelp.dll
0x00007ff9e5110000 - 0x00007ff9e511e000 	C:\Program Files\Java\jdk-11\bin\sunmscapi.dll
0x00007ff9f7b20000 - 0x00007ff9f7c86000 	C:\WINDOWS\System32\CRYPT32.dll
0x00007ff9f6bd0000 - 0x00007ff9f6bfe000 	C:\WINDOWS\SYSTEM32\ncrypt.dll
0x00007ff9f6b90000 - 0x00007ff9f6bc7000 	C:\WINDOWS\SYSTEM32\NTASN1.dll
0x00007ff9d8470000 - 0x00007ff9d8497000 	C:\Program Files\Java\jdk-11\bin\sunec.dll

dbghelp: loaded successfully - version: 4.0.5 - missing functions: none
symbol engine: initialized successfully - sym options: 0x614 - pdb path: .;C:\Program Files\Java\jdk-11\bin;C:\WINDOWS\SYSTEM32;C:\WINDOWS\WinSxS\amd64_microsoft.windows.common-controls_6595b64144ccf1df_6.0.22621.2215_none_270d72677387dfc3;C:\Program Files\Java\jdk-11\bin\server

VM Arguments:
jvm_args: -ea -Dfile.encoding=UTF-8 -Dstdout.encoding=UTF-8 -Dstderr.encoding=UTF-8 
java_command: org.testng.remote.RemoteTestNG -serport 64694 -protocol json -d C:\Users\admin\eclipse-workspace\First_Framework\test-output C:\Users\admin\AppData\Local\Temp\testng-eclipse--23052613\testng-customsuite.xml
java_class_path (initial): C:\Users\admin\eclipse\java-2023-092\eclipse\configuration\org.eclipse.osgi\531\0\.cp\lib\testng-remote.jar;C:\Users\admin\eclipse-workspace\First_Framework\target\test-classes;C:\Users\admin\eclipse-workspace\First_Framework\target\classes;C:\Users\admin\.m2\repository\org\seleniumhq\selenium\selenium-java\4.14.1\selenium-java-4.14.1.jar;C:\Users\admin\.m2\repository\org\seleniumhq\selenium\selenium-api\4.14.1\selenium-api-4.14.1.jar;C:\Users\admin\.m2\repository\org\seleniumhq\selenium\selenium-chrome-driver\4.14.1\selenium-chrome-driver-4.14.1.jar;C:\Users\admin\.m2\repository\com\google\auto\service\auto-service-annotations\1.1.1\auto-service-annotations-1.1.1.jar;C:\Users\admin\.m2\repository\com\google\guava\guava\32.1.2-jre\guava-32.1.2-jre.jar;C:\Users\admin\.m2\repository\com\google\guava\failureaccess\1.0.1\failureaccess-1.0.1.jar;C:\Users\admin\.m2\repository\com\google\guava\listenablefuture\9999.0-empty-to-avoid-conflict-with-guava\listenablefuture-9999.0-empty-to-avoid-conflict-with-guava.jar;C:\Users\admin\.m2\repository\com\google\code\findbugs\jsr305\3.0.2\jsr305-3.0.2.jar;C:\Users\admin\.m2\repository\org\checkerframework\checker-qual\3.33.0\checker-qual-3.33.0.jar;C:\Users\admin\.m2\repository\com\google\errorprone\error_prone_annotations\2.18.0\error_prone_annotations-2.18.0.jar;C:\Users\admin\.m2\repository\com\google\j2objc\j2objc-annotations\2.8\j2objc-annotations-2.8.jar;C:\Users\admin\.m2\repository\org\seleniumhq\selenium\selenium-chromium-driver\4.14.1\selenium-chromium-driver-4.14.1.jar;C:\Users\admin\.m2\repository\org\seleniumhq\selenium\selenium-json\4.14.1\selenium-json-4.14.1.jar;C:\Users\admin\.m2\repository\org\seleniumhq\selenium\selenium-manager\4.14.1\selenium-manager-4.14.1.jar;C:\Users\admin\.m2\repository\org\seleniumhq\selenium\selenium-devtools-v116\4.14.1\selenium-devtools-v116-4.14.1.jar;C:\Users\admin\.m2\repository\org\seleniumhq\selenium\selenium-devtools-v117\4.14.1\selenium-devtools-v117-
Launcher Type: SUN_STANDARD

[Global flags]
     intx CICompilerCount                          = 3                                         {product} {ergonomic}
     uint ConcGCThreads                            = 1                                         {product} {ergonomic}
     uint G1ConcRefinementThreads                  = 4                                         {product} {ergonomic}
   size_t G1HeapRegionSize                         = 1048576                                   {product} {ergonomic}
    uintx GCDrainStackTargetSize                   = 64                                        {product} {ergonomic}
   size_t InitialHeapSize                          = 130023424                                 {product} {ergonomic}
   size_t MarkStackSize                            = 4194304                                   {product} {ergonomic}
   size_t MaxHeapSize                              = 2080374784                                {product} {ergonomic}
   size_t MaxNewSize                               = 1247805440                                {product} {ergonomic}
   size_t MinHeapDeltaBytes                        = 1048576                                   {product} {ergonomic}
    uintx NonNMethodCodeHeapSize                   = 5830732                                {pd product} {ergonomic}
    uintx NonProfiledCodeHeapSize                  = 122913754                              {pd product} {ergonomic}
    uintx ProfiledCodeHeapSize                     = 122913754                              {pd product} {ergonomic}
    uintx ReservedCodeCacheSize                    = 251658240                              {pd product} {ergonomic}
     bool SegmentedCodeCache                       = true                                      {product} {ergonomic}
     bool UseCompressedClassPointers               = true                                 {lp64_product} {ergonomic}
     bool UseCompressedOops                        = true                                 {lp64_product} {ergonomic}
     bool UseG1GC                                  = true                                      {product} {ergonomic}
     bool UseLargePagesIndividualAllocation        = false                                  {pd product} {ergonomic}

Logging:
Log output configuration:
 #0: stdout all=warning uptime,level,tags
 #1: stderr all=off uptime,level,tags

Environment Variables:
JAVA_HOME=C:\Program Files\Java\jdk-11
PATH=C:/Users/admin/.p2/pool/plugins/org.eclipse.justj.openjdk.hotspot.jre.full.win32.x86_64_17.0.9.v20231028-0858/jre/bin/server;C:/Users/admin/.p2/pool/plugins/org.eclipse.justj.openjdk.hotspot.jre.full.win32.x86_64_17.0.9.v20231028-0858/jre/bin;C:\Program Files\Common Files\Oracle\Java\javapath;C:\WINDOWS\system32;C:\WINDOWS;C:\WINDOWS\System32\Wbem;C:\WINDOWS\System32\WindowsPowerShell\v1.0\;C:\WINDOWS\System32\OpenSSH\;C:\Program Files\Java\jdk-11\bin;C:\Program Files\Common Files\Oracle\Java\javapath;C:\Program Files\Git\cmd;C:\Program Files\MySQL\MySQL Server 8.0\bin;C:\Users\admin\Downloads\apache-maven-3.9.5\bin;C:\Program Files\MySQL\MySQL Shell 8.0\bin\;C:\Users\admin\AppData\Local\Microsoft\WindowsApps;;C:\Users\admin\eclipse\java-2023-092\eclipse;
USERNAME=admin
OS=Windows_NT
PROCESSOR_IDENTIFIER=Intel64 Family 6 Model 140 Stepping 1, GenuineIntel



---------------  S Y S T E M  ---------------

OS: Windows 11 , 64 bit Build 22621 (10.0.22621.2215)

CPU:total 4 (initial active 4) (2 cores per cpu, 2 threads per core) family 6 model 140 stepping 1 microcode 0x86, cmov, cx8, fxsr, mmx, sse, sse2, sse3, ssse3, sse4.1, sse4.2, popcnt, avx, avx2, aes, clmul, erms, 3dnowpref, lzcnt, ht, tsc, tscinvbit, bmi1, bmi2, adx, evex, sha, fma

Memory: 4k page, system-wide physical 7932M (247M free)
TotalPageFile size 23056M (AvailPageFile size 6M)
current process WorkingSet (physical memory assigned to process): 123M, peak: 126M
current process commit charge ("private bytes"): 230M, peak: 234M

vm_info: Java HotSpot(TM) 64-Bit Server VM (11.0.21+9-LTS-193) for windows-amd64 JRE (11.0.21+9-LTS-193), built on Sep 13 2023 11:04:38 by "mach5one" with MS VC++ 17.1 (VS2022)

END.
